Build started 12/7/2016 8:54:16 PM.
     1>Project "C:\Users\Imran\Documents\GitHub\CS3113\project_template\Windows\HW5\NYUCodebase\NYUCodebase.vcxproj" on node 2 (Build target(s)).
     1>ClCompile:
         C:\Program Files (x86)\Microsoft Visual Studio 12.0\VC\bin\CL.exe /c /IC:\SDL2\include /IC:\SDL2_image\include /IC:\glew\include /IC:\SDL2_mixer\include /ZI /nologo /W3 /WX- /sdl /Od /Oy- /D _WINDOWS /D _MBCS /D _MBCS /Gm /EHsc /RTC1 /MDd /GS /fp:precise /Zc:wchar_t /Zc:forScope /Fo"Debug\\" /Fd"Debug\vc120.pdb" /Gd /TP /analyze- /errorReport:prompt main.cpp Matrix.cpp ShaderProgram.cpp
         ShaderProgram.cpp
         Matrix.cpp
     1>c:\users\imran\documents\github\cs3113\project_template\windows\hw5\nyucodebase\matrix.cpp(213): warning C4244: 'argument' : conversion from 'double' to 'float', possible loss of data
     1>c:\users\imran\documents\github\cs3113\project_template\windows\hw5\nyucodebase\matrix.cpp(214): warning C4244: 'argument' : conversion from 'double' to 'float', possible loss of data
         main.cpp
     1>c:\users\imran\documents\github\cs3113\project_template\windows\hw5\nyucodebase\main.cpp(40): warning C4018: '<' : signed/unsigned mismatch
     1>c:\users\imran\documents\github\cs3113\project_template\windows\hw5\nyucodebase\main.cpp(158): warning C4018: '<' : signed/unsigned mismatch
     1>c:\users\imran\documents\github\cs3113\project_template\windows\hw5\nyucodebase\main.cpp(161): warning C4018: '<' : signed/unsigned mismatch
     1>c:\users\imran\documents\github\cs3113\project_template\windows\hw5\nyucodebase\main.cpp(174): warning C4244: 'initializing' : conversion from 'double' to 'float', possible loss of data
     1>c:\users\imran\documents\github\cs3113\project_template\windows\hw5\nyucodebase\main.cpp(175): warning C4244: 'initializing' : conversion from 'double' to 'float', possible loss of data
     1>c:\users\imran\documents\github\cs3113\project_template\windows\hw5\nyucodebase\main.cpp(177): warning C4244: 'initializing' : conversion from 'double' to 'float', possible loss of data
     1>c:\users\imran\documents\github\cs3113\project_template\windows\hw5\nyucodebase\main.cpp(186): warning C4018: '<' : signed/unsigned mismatch
     1>c:\users\imran\documents\github\cs3113\project_template\windows\hw5\nyucodebase\main.cpp(203): warning C4018: '<' : signed/unsigned mismatch
     1>c:\users\imran\documents\github\cs3113\project_template\windows\hw5\nyucodebase\main.cpp(239): warning C4305: 'argument' : truncation from 'double' to 'float'
     1>c:\users\imran\documents\github\cs3113\project_template\windows\hw5\nyucodebase\main.cpp(240): warning C4305: 'argument' : truncation from 'double' to 'float'
     1>c:\users\imran\documents\github\cs3113\project_template\windows\hw5\nyucodebase\main.cpp(241): warning C4305: 'argument' : truncation from 'double' to 'float'
     1>c:\users\imran\documents\github\cs3113\project_template\windows\hw5\nyucodebase\main.cpp(305): warning C4244: '+=' : conversion from 'double' to 'float', possible loss of data
     1>c:\users\imran\documents\github\cs3113\project_template\windows\hw5\nyucodebase\main.cpp(306): warning C4244: '+=' : conversion from 'double' to 'float', possible loss of data
     1>c:\users\imran\documents\github\cs3113\project_template\windows\hw5\nyucodebase\main.cpp(308): warning C4244: '+=' : conversion from 'double' to 'float', possible loss of data
     1>c:\users\imran\documents\github\cs3113\project_template\windows\hw5\nyucodebase\main.cpp(309): warning C4244: '+=' : conversion from 'double' to 'float', possible loss of data
     1>c:\users\imran\documents\github\cs3113\project_template\windows\hw5\nyucodebase\main.cpp(311): warning C4244: '+=' : conversion from 'double' to 'float', possible loss of data
     1>c:\users\imran\documents\github\cs3113\project_template\windows\hw5\nyucodebase\main.cpp(312): warning C4244: '+=' : conversion from 'double' to 'float', possible loss of data
     1>c:\users\imran\documents\github\cs3113\project_template\windows\hw5\nyucodebase\main.cpp(314): warning C4244: '+=' : conversion from 'double' to 'float', possible loss of data
     1>c:\users\imran\documents\github\cs3113\project_template\windows\hw5\nyucodebase\main.cpp(315): warning C4244: '+=' : conversion from 'double' to 'float', possible loss of data
     1>c:\users\imran\documents\github\cs3113\project_template\windows\hw5\nyucodebase\main.cpp(386): warning C4244: '-=' : conversion from 'double' to 'float', possible loss of data
     1>c:\users\imran\documents\github\cs3113\project_template\windows\hw5\nyucodebase\main.cpp(387): warning C4244: '-=' : conversion from 'double' to 'float', possible loss of data
     1>c:\users\imran\documents\github\cs3113\project_template\windows\hw5\nyucodebase\main.cpp(389): warning C4244: '+=' : conversion from 'double' to 'float', possible loss of data
     1>c:\users\imran\documents\github\cs3113\project_template\windows\hw5\nyucodebase\main.cpp(390): warning C4244: '+=' : conversion from 'double' to 'float', possible loss of data
     1>c:\users\imran\documents\github\cs3113\project_template\windows\hw5\nyucodebase\main.cpp(401): warning C4244: '-=' : conversion from 'double' to 'float', possible loss of data
     1>c:\users\imran\documents\github\cs3113\project_template\windows\hw5\nyucodebase\main.cpp(402): warning C4244: '-=' : conversion from 'double' to 'float', possible loss of data
     1>c:\users\imran\documents\github\cs3113\project_template\windows\hw5\nyucodebase\main.cpp(404): warning C4244: '+=' : conversion from 'double' to 'float', possible loss of data
     1>c:\users\imran\documents\github\cs3113\project_template\windows\hw5\nyucodebase\main.cpp(405): warning C4244: '+=' : conversion from 'double' to 'float', possible loss of data
     1>c:\users\imran\documents\github\cs3113\project_template\windows\hw5\nyucodebase\main.cpp(416): warning C4244: '-=' : conversion from 'double' to 'float', possible loss of data
     1>c:\users\imran\documents\github\cs3113\project_template\windows\hw5\nyucodebase\main.cpp(417): warning C4244: '-=' : conversion from 'double' to 'float', possible loss of data
     1>c:\users\imran\documents\github\cs3113\project_template\windows\hw5\nyucodebase\main.cpp(419): warning C4244: '+=' : conversion from 'double' to 'float', possible loss of data
     1>c:\users\imran\documents\github\cs3113\project_template\windows\hw5\nyucodebase\main.cpp(420): warning C4244: '+=' : conversion from 'double' to 'float', possible loss of data
     1>c:\users\imran\documents\github\cs3113\project_template\windows\hw5\nyucodebase\main.cpp(431): warning C4244: '-=' : conversion from 'double' to 'float', possible loss of data
     1>c:\users\imran\documents\github\cs3113\project_template\windows\hw5\nyucodebase\main.cpp(432): warning C4244: '-=' : conversion from 'double' to 'float', possible loss of data
     1>c:\users\imran\documents\github\cs3113\project_template\windows\hw5\nyucodebase\main.cpp(434): warning C4244: '+=' : conversion from 'double' to 'float', possible loss of data
     1>c:\users\imran\documents\github\cs3113\project_template\windows\hw5\nyucodebase\main.cpp(435): warning C4244: '+=' : conversion from 'double' to 'float', possible loss of data
     1>c:\users\imran\documents\github\cs3113\project_template\windows\hw5\nyucodebase\main.cpp(446): warning C4244: '-=' : conversion from 'double' to 'float', possible loss of data
     1>c:\users\imran\documents\github\cs3113\project_template\windows\hw5\nyucodebase\main.cpp(447): warning C4244: '-=' : conversion from 'double' to 'float', possible loss of data
     1>c:\users\imran\documents\github\cs3113\project_template\windows\hw5\nyucodebase\main.cpp(449): warning C4244: '+=' : conversion from 'double' to 'float', possible loss of data
     1>c:\users\imran\documents\github\cs3113\project_template\windows\hw5\nyucodebase\main.cpp(450): warning C4244: '+=' : conversion from 'double' to 'float', possible loss of data
     1>c:\users\imran\documents\github\cs3113\project_template\windows\hw5\nyucodebase\main.cpp(461): warning C4244: '-=' : conversion from 'double' to 'float', possible loss of data
     1>c:\users\imran\documents\github\cs3113\project_template\windows\hw5\nyucodebase\main.cpp(462): warning C4244: '-=' : conversion from 'double' to 'float', possible loss of data
     1>c:\users\imran\documents\github\cs3113\project_template\windows\hw5\nyucodebase\main.cpp(464): warning C4244: '+=' : conversion from 'double' to 'float', possible loss of data
     1>c:\users\imran\documents\github\cs3113\project_template\windows\hw5\nyucodebase\main.cpp(465): warning C4244: '+=' : conversion from 'double' to 'float', possible loss of data
         Generating Code...
       Link:
         C:\Program Files (x86)\Microsoft Visual Studio 12.0\VC\bin\link.exe /ERRORREPORT:PROMPT /OUT:"C:\Users\Imran\Documents\GitHub\CS3113\project_template\Windows\HW5\Debug\NYUCodebase.exe" /INCREMENTAL /NOLOGO /LIBPATH:C:\SDL2_mixer\lib\x86 /LIBPATH:C:\SDL2\lib\x86 /LIBPATH:C:\SDL2_image\lib\x86 /LIBPATH:C:\glew\lib\Release\Win32 SDL2.lib SDL2_mixer.lib glew32.lib SDL2main.lib SDL2_image.lib OpenGL32.lib /MANIFEST /MANIFESTUAC:"level='asInvoker' uiAccess='false'" /manifest:embed /DEBUG /PDB:"C:\Users\Imran\Documents\GitHub\CS3113\project_template\Windows\HW5\Debug\NYUCodebase.pdb" /SUBSYSTEM:WINDOWS /TLBID:1 /DYNAMICBASE /NXCOMPAT /IMPLIB:"C:\Users\Imran\Documents\GitHub\CS3113\project_template\Windows\HW5\Debug\NYUCodebase.lib" /MACHINE:X86 Debug\main.obj
         Debug\Matrix.obj
         Debug\ShaderProgram.obj
     1>MSVCRTD.lib(cinitexe.obj) : warning LNK4098: defaultlib 'msvcrt.lib' conflicts with use of other libs; use /NODEFAULTLIB:library
         NYUCodebase.vcxproj -> C:\Users\Imran\Documents\GitHub\CS3113\project_template\Windows\HW5\Debug\NYUCodebase.exe
     1>Done Building Project "C:\Users\Imran\Documents\GitHub\CS3113\project_template\Windows\HW5\NYUCodebase\NYUCodebase.vcxproj" (Build target(s)).

Build succeeded.

Time Elapsed 00:00:03.32
