Build started 11/14/2016 10:19:39 PM.
     1>Project "C:\Users\Imran\Documents\GitHub\CS3113\project_template\Windows\HW4\NYUCodebase\NYUCodebase.vcxproj" on node 2 (Build target(s)).
     1>ClCompile:
         C:\Program Files (x86)\Microsoft Visual Studio 12.0\VC\bin\CL.exe /c /IC:\SDL2\include /IC:\SDL2_image\include /IC:\glew\include /IC:\SDL2_mixer\include /ZI /nologo /W3 /WX- /sdl /Od /Oy- /D _WINDOWS /D _MBCS /D _MBCS /Gm /EHsc /RTC1 /MDd /GS /fp:precise /Zc:wchar_t /Zc:forScope /Fo"Debug\\" /Fd"Debug\vc120.pdb" /Gd /TP /analyze- /errorReport:prompt main.cpp Matrix.cpp ShaderProgram.cpp
         ShaderProgram.cpp
         Matrix.cpp
     1>c:\users\imran\documents\github\cs3113\project_template\windows\hw4\nyucodebase\matrix.cpp(213): warning C4244: 'argument' : conversion from 'double' to 'float', possible loss of data
     1>c:\users\imran\documents\github\cs3113\project_template\windows\hw4\nyucodebase\matrix.cpp(214): warning C4244: 'argument' : conversion from 'double' to 'float', possible loss of data
         main.cpp
     1>c:\users\imran\documents\github\cs3113\project_template\windows\hw4\nyucodebase\main.cpp(300): warning C4244: 'return' : conversion from 'double' to 'float', possible loss of data
     1>c:\users\imran\documents\github\cs3113\project_template\windows\hw4\nyucodebase\main.cpp(317): warning C4305: 'argument' : truncation from 'double' to 'float'
     1>c:\users\imran\documents\github\cs3113\project_template\windows\hw4\nyucodebase\main.cpp(320): warning C4305: 'argument' : truncation from 'double' to 'float'
     1>c:\users\imran\documents\github\cs3113\project_template\windows\hw4\nyucodebase\main.cpp(321): warning C4305: 'argument' : truncation from 'double' to 'float'
     1>c:\users\imran\documents\github\cs3113\project_template\windows\hw4\nyucodebase\main.cpp(339): warning C4305: 'initializing' : truncation from 'double' to 'float'
     1>c:\users\imran\documents\github\cs3113\project_template\windows\hw4\nyucodebase\main.cpp(350): warning C4305: 'argument' : truncation from 'double' to 'GLclampf'
     1>c:\users\imran\documents\github\cs3113\project_template\windows\hw4\nyucodebase\main.cpp(367): warning C4305: '=' : truncation from 'double' to 'float'
     1>c:\users\imran\documents\github\cs3113\project_template\windows\hw4\nyucodebase\main.cpp(370): warning C4305: '=' : truncation from 'double' to 'float'
     1>c:\users\imran\documents\github\cs3113\project_template\windows\hw4\nyucodebase\main.cpp(374): warning C4305: '=' : truncation from 'double' to 'float'
     1>c:\users\imran\documents\github\cs3113\project_template\windows\hw4\nyucodebase\main.cpp(387): warning C4305: 'argument' : truncation from 'double' to 'float'
     1>c:\users\imran\documents\github\cs3113\project_template\windows\hw4\nyucodebase\main.cpp(400): warning C4244: 'argument' : conversion from 'double' to 'float', possible loss of data
         Generating Code...
       Link:
         C:\Program Files (x86)\Microsoft Visual Studio 12.0\VC\bin\link.exe /ERRORREPORT:PROMPT /OUT:"C:\Users\Imran\Documents\GitHub\CS3113\project_template\Windows\HW4\Debug\NYUCodebase.exe" /INCREMENTAL /NOLOGO /LIBPATH:C:\SDL2_mixer\lib\x86 /LIBPATH:C:\SDL2\lib\x86 /LIBPATH:C:\SDL2_image\lib\x86 /LIBPATH:C:\glew\lib\Release\Win32 SDL2.lib SDL2_mixer.lib glew32.lib SDL2main.lib SDL2_image.lib OpenGL32.lib /MANIFEST /MANIFESTUAC:"level='asInvoker' uiAccess='false'" /manifest:embed /DEBUG /PDB:"C:\Users\Imran\Documents\GitHub\CS3113\project_template\Windows\HW4\Debug\NYUCodebase.pdb" /SUBSYSTEM:WINDOWS /TLBID:1 /DYNAMICBASE /NXCOMPAT /IMPLIB:"C:\Users\Imran\Documents\GitHub\CS3113\project_template\Windows\HW4\Debug\NYUCodebase.lib" /MACHINE:X86 Debug\main.obj
         Debug\Matrix.obj
         Debug\ShaderProgram.obj
     1>MSVCRTD.lib(cinitexe.obj) : warning LNK4098: defaultlib 'msvcrt.lib' conflicts with use of other libs; use /NODEFAULTLIB:library
         NYUCodebase.vcxproj -> C:\Users\Imran\Documents\GitHub\CS3113\project_template\Windows\HW4\Debug\NYUCodebase.exe
     1>Done Building Project "C:\Users\Imran\Documents\GitHub\CS3113\project_template\Windows\HW4\NYUCodebase\NYUCodebase.vcxproj" (Build target(s)).

Build succeeded.

Time Elapsed 00:00:03.67
