Build started 10/18/2016 1:02:04 AM.
     1>Project "C:\Users\Imran\Documents\GitHub\CS3113\project_template\Windows\NYUCodebase\NYUCodebase\NYUCodebase.vcxproj" on node 2 (Build target(s)).
     1>ClCompile:
         C:\Program Files (x86)\Microsoft Visual Studio 12.0\VC\bin\CL.exe /c /IC:\SDL2\include /IC:\SDL2_image\include /IC:\glew\include /IC:\SDL2_mixer\include /ZI /nologo /W3 /WX- /sdl /Od /Oy- /D _WINDOWS /D _MBCS /D _MBCS /Gm /EHsc /RTC1 /MDd /GS /fp:precise /Zc:wchar_t /Zc:forScope /Fo"Debug\\" /Fd"Debug\vc120.pdb" /Gd /TP /analyze- /errorReport:prompt main.cpp
         main.cpp
     1>c:\users\imran\documents\github\cs3113\project_template\windows\nyucodebase\nyucodebase\main.cpp(94): warning C4018: '<' : signed/unsigned mismatch
     1>c:\users\imran\documents\github\cs3113\project_template\windows\nyucodebase\nyucodebase\main.cpp(143): warning C4305: 'initializing' : truncation from 'double' to 'float'
     1>c:\users\imran\documents\github\cs3113\project_template\windows\nyucodebase\nyucodebase\main.cpp(147): warning C4244: 'argument' : conversion from 'double' to 'float', possible loss of data
     1>c:\users\imran\documents\github\cs3113\project_template\windows\nyucodebase\nyucodebase\main.cpp(152): warning C4305: '=' : truncation from 'double' to 'float'
     1>c:\users\imran\documents\github\cs3113\project_template\windows\nyucodebase\nyucodebase\main.cpp(155): warning C4244: 'argument' : conversion from 'double' to 'float', possible loss of data
     1>c:\users\imran\documents\github\cs3113\project_template\windows\nyucodebase\nyucodebase\main.cpp(160): warning C4305: '=' : truncation from 'double' to 'float'
     1>c:\users\imran\documents\github\cs3113\project_template\windows\nyucodebase\nyucodebase\main.cpp(163): warning C4244: 'argument' : conversion from 'double' to 'float', possible loss of data
     1>c:\users\imran\documents\github\cs3113\project_template\windows\nyucodebase\nyucodebase\main.cpp(168): warning C4305: '=' : truncation from 'double' to 'float'
     1>c:\users\imran\documents\github\cs3113\project_template\windows\nyucodebase\nyucodebase\main.cpp(171): warning C4244: 'argument' : conversion from 'double' to 'float', possible loss of data
     1>c:\users\imran\documents\github\cs3113\project_template\windows\nyucodebase\nyucodebase\main.cpp(176): warning C4305: '=' : truncation from 'double' to 'float'
     1>c:\users\imran\documents\github\cs3113\project_template\windows\nyucodebase\nyucodebase\main.cpp(181): warning C4305: 'argument' : truncation from 'double' to 'float'
     1>c:\users\imran\documents\github\cs3113\project_template\windows\nyucodebase\nyucodebase\main.cpp(181): warning C4244: 'argument' : conversion from 'double' to 'float', possible loss of data
     1>c:\users\imran\documents\github\cs3113\project_template\windows\nyucodebase\nyucodebase\main.cpp(207): warning C4305: 'argument' : truncation from 'double' to 'float'
     1>c:\users\imran\documents\github\cs3113\project_template\windows\nyucodebase\nyucodebase\main.cpp(208): warning C4305: 'argument' : truncation from 'double' to 'float'
     1>c:\users\imran\documents\github\cs3113\project_template\windows\nyucodebase\nyucodebase\main.cpp(209): warning C4305: 'argument' : truncation from 'double' to 'float'
     1>c:\users\imran\documents\github\cs3113\project_template\windows\nyucodebase\nyucodebase\main.cpp(210): warning C4305: 'argument' : truncation from 'double' to 'float'
     1>c:\users\imran\documents\github\cs3113\project_template\windows\nyucodebase\nyucodebase\main.cpp(211): warning C4305: 'argument' : truncation from 'double' to 'float'
     1>c:\users\imran\documents\github\cs3113\project_template\windows\nyucodebase\nyucodebase\main.cpp(225): warning C4305: 'argument' : truncation from 'double' to 'float'
     1>c:\users\imran\documents\github\cs3113\project_template\windows\nyucodebase\nyucodebase\main.cpp(291): warning C4305: '=' : truncation from 'double' to 'float'
     1>c:\users\imran\documents\github\cs3113\project_template\windows\nyucodebase\nyucodebase\main.cpp(303): warning C4305: '=' : truncation from 'double' to 'float'
     1>c:\users\imran\documents\github\cs3113\project_template\windows\nyucodebase\nyucodebase\main.cpp(316): warning C4305: '=' : truncation from 'double' to 'float'
     1>c:\users\imran\documents\github\cs3113\project_template\windows\nyucodebase\nyucodebase\main.cpp(336): warning C4305: 'argument' : truncation from 'double' to 'float'
     1>c:\users\imran\documents\github\cs3113\project_template\windows\nyucodebase\nyucodebase\main.cpp(349): warning C4305: 'argument' : truncation from 'double' to 'float'
     1>c:\users\imran\documents\github\cs3113\project_template\windows\nyucodebase\nyucodebase\main.cpp(354): warning C4305: 'argument' : truncation from 'double' to 'float'
     1>c:\users\imran\documents\github\cs3113\project_template\windows\nyucodebase\nyucodebase\main.cpp(359): warning C4305: 'argument' : truncation from 'double' to 'float'
     1>c:\users\imran\documents\github\cs3113\project_template\windows\nyucodebase\nyucodebase\main.cpp(364): warning C4305: 'argument' : truncation from 'double' to 'float'
     1>c:\users\imran\documents\github\cs3113\project_template\windows\nyucodebase\nyucodebase\main.cpp(368): warning C4018: '<' : signed/unsigned mismatch
     1>c:\users\imran\documents\github\cs3113\project_template\windows\nyucodebase\nyucodebase\main.cpp(384): warning C4018: '<' : signed/unsigned mismatch
     1>c:\users\imran\documents\github\cs3113\project_template\windows\nyucodebase\nyucodebase\main.cpp(398): warning C4018: '<' : signed/unsigned mismatch
     1>c:\users\imran\documents\github\cs3113\project_template\windows\nyucodebase\nyucodebase\main.cpp(414): warning C4018: '<' : signed/unsigned mismatch
     1>c:\users\imran\documents\github\cs3113\project_template\windows\nyucodebase\nyucodebase\main.cpp(430): warning C4018: '<' : signed/unsigned mismatch
     1>c:\users\imran\documents\github\cs3113\project_template\windows\nyucodebase\nyucodebase\main.cpp(459): warning C4018: '<' : signed/unsigned mismatch
     1>c:\users\imran\documents\github\cs3113\project_template\windows\nyucodebase\nyucodebase\main.cpp(493): warning C4305: 'argument' : truncation from 'double' to 'float'
     1>c:\users\imran\documents\github\cs3113\project_template\windows\nyucodebase\nyucodebase\main.cpp(509): warning C4305: 'argument' : truncation from 'double' to 'float'
       Link:
         C:\Program Files (x86)\Microsoft Visual Studio 12.0\VC\bin\link.exe /ERRORREPORT:PROMPT /OUT:"C:\Users\Imran\Documents\GitHub\CS3113\project_template\Windows\NYUCodebase\Debug\NYUCodebase.exe" /INCREMENTAL /NOLOGO /LIBPATH:C:\SDL2_mixer\lib\x86 /LIBPATH:C:\SDL2\lib\x86 /LIBPATH:C:\SDL2_image\lib\x86 /LIBPATH:C:\glew\lib\Release\Win32 SDL2.lib SDL2_mixer.lib glew32.lib SDL2main.lib SDL2_image.lib OpenGL32.lib /MANIFEST /MANIFESTUAC:"level='asInvoker' uiAccess='false'" /manifest:embed /DEBUG /PDB:"C:\Users\Imran\Documents\GitHub\CS3113\project_template\Windows\NYUCodebase\Debug\NYUCodebase.pdb" /SUBSYSTEM:WINDOWS /TLBID:1 /DYNAMICBASE /NXCOMPAT /IMPLIB:"C:\Users\Imran\Documents\GitHub\CS3113\project_template\Windows\NYUCodebase\Debug\NYUCodebase.lib" /MACHINE:X86 Debug\main.obj
         Debug\Matrix.obj
         Debug\ShaderProgram.obj
         NYUCodebase.vcxproj -> C:\Users\Imran\Documents\GitHub\CS3113\project_template\Windows\NYUCodebase\Debug\NYUCodebase.exe
     1>Done Building Project "C:\Users\Imran\Documents\GitHub\CS3113\project_template\Windows\NYUCodebase\NYUCodebase\NYUCodebase.vcxproj" (Build target(s)).

Build succeeded.

Time Elapsed 00:00:01.57
